<?xml version="1.0" encoding="UTF-8"?>
<robot generator="Robot 7.1.1 (Python 3.11.2 on win32)" generated="2024-11-25T01:12:54.066696" rpa="false" schemaversion="5">
<suite id="s1" name="Transaction Tests" source="c:\Users\scapi\Documents\GitHub\Automation_Challenge\Automations\Tests\transaction_tests.robot">
<test id="s1-t1" name="Verify if transfer screen is available" line="10">
<kw name="Given on the homepage" owner="transaction_keywords">
<kw name="Evaluate" owner="BuiltIn">
<msg time="2024-11-25T01:12:54.391728" level="INFO">${chrome options} = &lt;selenium.webdriver.chrome.options.Options object at 0x000001A320115B90&gt;</msg>
<var>${chrome options}</var>
<arg>sys.modules['selenium.webdriver'].ChromeOptions()</arg>
<arg>sys, selenium.webdriver</arg>
<doc>Evaluates the given expression in Python and returns the result.</doc>
<status status="PASS" start="2024-11-25T01:12:54.391728" elapsed="0.002003"/>
</kw>
<kw name="Set Variable" owner="BuiltIn">
<msg time="2024-11-25T01:12:54.394729" level="INFO">${user data dir} = C:/Users/scapi/Documents/GitHub/Automation_Challenge/chrome_profile</msg>
<var>${user data dir}</var>
<arg>${CHROME_PROFILE_PATH}</arg>
<doc>Returns the given values which can then be assigned to a variables.</doc>
<status status="PASS" start="2024-11-25T01:12:54.393731" elapsed="0.000998"/>
</kw>
<kw name="Evaluate" owner="BuiltIn">
<msg time="2024-11-25T01:12:54.395727" level="INFO">${user data dir} = C:/Users/scapi/Documents/GitHub/Automation_Challenge/chrome_profile</msg>
<var>${user data dir}</var>
<arg>r'''${user data dir}'''.replace('\\\\', '/')</arg>
<doc>Evaluates the given expression in Python and returns the result.</doc>
<status status="PASS" start="2024-11-25T01:12:54.394729" elapsed="0.000998"/>
</kw>
<kw name="Call Method" owner="BuiltIn">
<arg>${chrome options}</arg>
<arg>add_argument</arg>
<arg>--user-data-dir\=${user data dir}</arg>
<doc>Calls the named method of the given object with the provided arguments.</doc>
<status status="PASS" start="2024-11-25T01:12:54.395727" elapsed="0.000000"/>
</kw>
<kw name="Open Browser" owner="SeleniumLibrary">
<msg time="2024-11-25T01:12:54.396752" level="INFO">Opening browser 'Chrome' to base url 'https://bugbank.netlify.app/'.</msg>
<arg>${BASE_URL}</arg>
<arg>Chrome</arg>
<arg>options=${chrome options}</arg>
<doc>Opens a new browser instance to the optional ``url``.</doc>
<status status="PASS" start="2024-11-25T01:12:54.395727" elapsed="1.905493"/>
</kw>
<kw name="Execute Javascript" owner="SeleniumLibrary">
<msg time="2024-11-25T01:12:56.302219" level="INFO">Executing JavaScript:
window.sessionStorage.clear();
Without any arguments.</msg>
<arg>window.sessionStorage.clear();</arg>
<doc>Executes the given JavaScript code with possible arguments.</doc>
<status status="PASS" start="2024-11-25T01:12:56.301220" elapsed="0.010995"/>
</kw>
<kw name="Maximize Browser Window" owner="SeleniumLibrary">
<doc>Maximizes current browser window.</doc>
<status status="PASS" start="2024-11-25T01:12:56.312215" elapsed="0.001999"/>
</kw>
<kw name="Sleep" owner="BuiltIn">
<msg time="2024-11-25T01:12:59.315719" level="INFO">Slept 3 seconds.</msg>
<arg>3</arg>
<doc>Pauses the test executed for the given time.</doc>
<status status="PASS" start="2024-11-25T01:12:56.315215" elapsed="3.000504"/>
</kw>
<kw name="Input Text" owner="SeleniumLibrary">
<msg time="2024-11-25T01:12:59.315719" level="INFO">Typing text 'account@gmail.com' into text field '//input[@name='email']'.</msg>
<arg>//input[@name='email']</arg>
<arg>${VALID_USER}</arg>
<doc>Types the given ``text`` into the text field identified by ``locator``.</doc>
<status status="PASS" start="2024-11-25T01:12:59.315719" elapsed="0.100159"/>
</kw>
<kw name="Input Text" owner="SeleniumLibrary">
<msg time="2024-11-25T01:12:59.416874" level="INFO">Typing text 'account123#' into text field '//input[@name='password']'.</msg>
<arg>//input[@name='password']</arg>
<arg>${VALID_PASSWORD}</arg>
<doc>Types the given ``text`` into the text field identified by ``locator``.</doc>
<status status="PASS" start="2024-11-25T01:12:59.416874" elapsed="0.072032"/>
</kw>
<kw name="Click Button" owner="SeleniumLibrary">
<msg time="2024-11-25T01:12:59.488906" level="INFO">Clicking button '//button[contains(text(),'Acessar')]'.</msg>
<arg>//button[contains(text(),'Acessar')]</arg>
<doc>Clicks the button identified by ``locator``.</doc>
<status status="PASS" start="2024-11-25T01:12:59.488906" elapsed="0.066023"/>
</kw>
<kw name="Wait Until Page Contains Element" owner="SeleniumLibrary">
<arg>//*[@id='textName']</arg>
<arg>timeout=${TIMEOUT}</arg>
<doc>Waits until the element ``locator`` appears on the current page.</doc>
<status status="PASS" start="2024-11-25T01:12:59.555926" elapsed="0.219706"/>
</kw>
<doc>Opens the login page with Chrome profile and logs into the system.</doc>
<status status="PASS" start="2024-11-25T01:12:54.390727" elapsed="5.385905"/>
</kw>
<kw name="When clicking transfer button" owner="transaction_keywords">
<kw name="Wait Until Page Contains Element" owner="SeleniumLibrary">
<arg>id=btn-EXTRATO</arg>
<arg>timeout=10s</arg>
<doc>Waits until the element ``locator`` appears on the current page.</doc>
<status status="PASS" start="2024-11-25T01:12:59.776632" elapsed="0.009001"/>
</kw>
<kw name="Element Should Be Visible" owner="SeleniumLibrary">
<msg time="2024-11-25T01:12:59.798636" level="INFO">Element 'id=btn-EXTRATO' is displayed.</msg>
<arg>id=btn-EXTRATO</arg>
<doc>Verifies that the element identified by ``locator`` is visible.</doc>
<status status="PASS" start="2024-11-25T01:12:59.785633" elapsed="0.013003"/>
</kw>
<kw name="Click Element" owner="SeleniumLibrary">
<msg time="2024-11-25T01:12:59.799637" level="INFO">Clicking element 'id=btn-EXTRATO'.</msg>
<arg>id=btn-EXTRATO</arg>
<doc>Click the element identified by ``locator``.</doc>
<status status="PASS" start="2024-11-25T01:12:59.798636" elapsed="0.044544"/>
</kw>
<kw name="Sleep" owner="BuiltIn">
<msg time="2024-11-25T01:13:02.843325" level="INFO">Slept 3 seconds.</msg>
<arg>3</arg>
<doc>Pauses the test executed for the given time.</doc>
<status status="PASS" start="2024-11-25T01:12:59.843180" elapsed="3.000145"/>
</kw>
<doc>Clicks on the transfer button located on the dashboard screen</doc>
<status status="PASS" start="2024-11-25T01:12:59.776632" elapsed="3.066693"/>
</kw>
<kw name="Then transfer screen is displayed" owner="transaction_keywords">
<kw name="Element Should Be Visible" owner="SeleniumLibrary">
<msg time="2024-11-25T01:13:03.039187" level="INFO" html="true">&lt;/td&gt;&lt;/tr&gt;&lt;tr&gt;&lt;td colspan="3"&gt;&lt;a href="selenium-screenshot-2.png"&gt;&lt;img src="selenium-screenshot-2.png" width="800px"&gt;&lt;/a&gt;</msg>
<msg time="2024-11-25T01:13:03.039187" level="FAIL">Element with locator 'css=input[name="accountNumber"]' not found.</msg>
<arg>css=input[name="accountNumber"]</arg>
<doc>Verifies that the element identified by ``locator`` is visible.</doc>
<status status="FAIL" start="2024-11-25T01:13:02.844329" elapsed="0.199864">Element with locator 'css=input[name="accountNumber"]' not found.</status>
</kw>
<kw name="Element Should Be Visible" owner="SeleniumLibrary">
<arg>css=input[name="digit"]</arg>
<doc>Verifies that the element identified by ``locator`` is visible.</doc>
<status status="NOT RUN" start="2024-11-25T01:13:03.044193" elapsed="0.000000"/>
</kw>
<kw name="Element Should Be Visible" owner="SeleniumLibrary">
<arg>css=input[name="transferValue"]</arg>
<doc>Verifies that the element identified by ``locator`` is visible.</doc>
<status status="NOT RUN" start="2024-11-25T01:13:03.044193" elapsed="0.000000"/>
</kw>
<kw name="Element Should Be Visible" owner="SeleniumLibrary">
<arg>css=button[type="submit"]</arg>
<doc>Verifies that the element identified by ``locator`` is visible.</doc>
<status status="NOT RUN" start="2024-11-25T01:13:03.044193" elapsed="0.000999"/>
</kw>
<kw name="Element Text Should Be" owner="SeleniumLibrary">
<arg>css=button[type="submit"]</arg>
<arg>Transferir agora</arg>
<doc>Verifies that element ``locator`` contains exact the text ``expected``.</doc>
<status status="NOT RUN" start="2024-11-25T01:13:03.045192" elapsed="0.000000"/>
</kw>
<doc>Verifies all the important elements from transfer screen</doc>
<status status="FAIL" start="2024-11-25T01:13:02.844329" elapsed="0.200863">Element with locator 'css=input[name="accountNumber"]' not found.</status>
</kw>
<kw name="Close Browser" owner="SeleniumLibrary" type="TEARDOWN">
<doc>Closes the current browser.</doc>
<status status="PASS" start="2024-11-25T01:13:03.045192" elapsed="2.200883"/>
</kw>
<doc>Tries to open the transfer screen</doc>
<tag>positive</tag>
<tag>transfer</tag>
<status status="FAIL" start="2024-11-25T01:12:54.389728" elapsed="10.857302">Element with locator 'css=input[name="accountNumber"]' not found.</status>
</test>
<status status="FAIL" start="2024-11-25T01:12:54.071696" elapsed="11.177342"/>
</suite>
<statistics>
<total>
<stat pass="0" fail="1" skip="0">All Tests</stat>
</total>
<tag>
<stat pass="0" fail="1" skip="0">positive</stat>
<stat pass="0" fail="1" skip="0">transfer</stat>
</tag>
<suite>
<stat pass="0" fail="1" skip="0" id="s1" name="Transaction Tests">Transaction Tests</stat>
</suite>
</statistics>
<errors>
</errors>
</robot>
